🚀 ЗАПУСК КОНВЕЙЕРА: План 1000 (Цель: 16 статей)...

📂 Работаем с нишей: [PHONE]
  📝 Статья: "Восстановление данных с разбитого телефона в Кемерово: спасаем контакты, фото и видео"
[dotenv@17.3.1] injecting env (0) from .env -- tip: ⚙️  enable debug logging with { debug: true }

🛠️  Запуск конвейера для статьи: "Восстановление данных с разбитого телефона в Кемерово: спасаем контакты, фото и видео"
  [1/4] Генерация мета-данных...
  [2/4] Проектирование плана...
  [3/4] Написание текста по главам...
  [4/4] Финальная сборка и верстка...
✅ Конвейер завершен: vosstanovlenie-dannykh-razbityi-telefon-kemerovo.html
  📝 Статья: "Проблемы с микрофоном на Xiaomi Redmi Note 10 в Кемерово: ремонт и диагностика аудиосистемы"
[dotenv@17.3.1] injecting env (0) from .env -- tip: ⚡️ secrets for agents: https://dotenvx.com/as2

🛠️  Запуск конвейера для статьи: "Проблемы с микрофоном на Xiaomi Redmi Note 10 в Кемерово: ремонт и диагностика аудиосистемы"
  [1/4] Генерация мета-данных...
  [2/4] Проектирование плана...
  [3/4] Написание текста по главам...
  [4/4] Финальная сборка и верстка...
✅ Конвейер завершен: remont-mikrofona-xiaomi-redmi-note-10-kemerovo.html

📂 Работаем с нишей: [LAPTOP]
  📝 Статья: "Ноутбук не видит жесткий диск в Кемерово: диагностика и ремонт контроллера HDD/SSD"
[dotenv@17.3.1] injecting env (0) from .env -- tip: 🤖 agentic secret storage: https://dotenvx.com/as2

🛠️  Запуск конвейера для статьи: "Ноутбук не видит жесткий диск в Кемерово: диагностика и ремонт контроллера HDD/SSD"
  [1/4] Генерация мета-данных...
  [2/4] Проектирование плана...
  [3/4] Написание текста по главам...
  [4/4] Финальная сборка и верстка...
✅ Конвейер завершен: noutbuk-ne-vidit-disk-kemerovo-remont-kontrollera-hdd-ssd.html
  📝 Статья: "Восстановление данных с неисправного ноутбука в Кемерово: спасение важных документов и проектов"
[dotenv@17.3.1] injecting env (0) from .env -- tip: ⚙️  load multiple .env files with { path: ['.env.local', '.env'] }

🛠️  Запуск конвейера для статьи: "Восстановление данных с неисправного ноутбука в Кемерово: спасение важных документов и проектов"
  [1/4] Генерация мета-данных...
  [2/4] Проектирование плана...
  [3/4] Написание текста по главам...
  [4/4] Финальная сборка и верстка...
✅ Конвейер завершен: vosstanovlenie-dannyh-noutbuk-kemerovo.html

📂 Работаем с нишей: [B2B_IT]
  📝 Статья: "Как избежать простоев сервера в Кемерово: проактивный мониторинг 24/7 и оперативное реагирование"
[dotenv@17.3.1] injecting env (0) from .env -- tip: 🔐 encrypt with Dotenvx: https://dotenvx.com

🛠️  Запуск конвейера для статьи: "Как избежать простоев сервера в Кемерово: проактивный мониторинг 24/7 и оперативное реагирование"
  [1/4] Генерация мета-данных...
  [2/4] Проектирование плана...
  [3/4] Написание текста по главам...
